{"/home/alan/Documents/react/part5/bloglist-frontend/src/App.jsx": {"path":"/home/alan/Documents/react/part5/bloglist-frontend/src/App.jsx","statementMap":{"0":{"start":{"line":10,"column":12},"end":{"line":128,"column":1}},"1":{"start":{"line":11,"column":28},"end":{"line":11,"column":40}},"2":{"start":{"line":12,"column":34},"end":{"line":12,"column":46}},"3":{"start":{"line":13,"column":34},"end":{"line":13,"column":46}},"4":{"start":{"line":14,"column":26},"end":{"line":14,"column":40}},"5":{"start":{"line":15,"column":32},"end":{"line":15,"column":46}},"6":{"start":{"line":19,"column":23},"end":{"line":19,"column":66}},"7":{"start":{"line":19,"column":48},"end":{"line":19,"column":65}},"8":{"start":{"line":20,"column":4},"end":{"line":20,"column":24}},"9":{"start":{"line":23,"column":21},"end":{"line":26,"column":3}},"10":{"start":{"line":24,"column":18},"end":{"line":24,"column":44}},"11":{"start":{"line":25,"column":4},"end":{"line":25,"column":16}},"12":{"start":{"line":28,"column":2},"end":{"line":35,"column":8}},"13":{"start":{"line":29,"column":27},"end":{"line":29,"column":75}},"14":{"start":{"line":30,"column":4},"end":{"line":34,"column":5}},"15":{"start":{"line":31,"column":19},"end":{"line":31,"column":45}},"16":{"start":{"line":32,"column":6},"end":{"line":32,"column":19}},"17":{"start":{"line":33,"column":6},"end":{"line":33,"column":38}},"18":{"start":{"line":37,"column":2},"end":{"line":46,"column":3}},"19":{"start":{"line":38,"column":4},"end":{"line":40,"column":5}},"20":{"start":{"line":39,"column":6},"end":{"line":39,"column":12}},"21":{"start":{"line":41,"column":4},"end":{"line":41,"column":36}},"22":{"start":{"line":42,"column":4},"end":{"line":44,"column":6}},"23":{"start":{"line":43,"column":6},"end":{"line":43,"column":29}},"24":{"start":{"line":48,"column":21},"end":{"line":57,"column":3}},"25":{"start":{"line":49,"column":17},"end":{"line":49,"column":51}},"26":{"start":{"line":49,"column":36},"end":{"line":49,"column":50}},"27":{"start":{"line":50,"column":24},"end":{"line":53,"column":5}},"28":{"start":{"line":54,"column":4},"end":{"line":54,"column":44}},"29":{"start":{"line":55,"column":4},"end":{"line":55,"column":73}},"30":{"start":{"line":55,"column":22},"end":{"line":55,"column":72}},"31":{"start":{"line":55,"column":37},"end":{"line":55,"column":71}},"32":{"start":{"line":62,"column":22},"end":{"line":82,"column":3}},"33":{"start":{"line":63,"column":4},"end":{"line":63,"column":26}},"34":{"start":{"line":65,"column":4},"end":{"line":81,"column":5}},"35":{"start":{"line":66,"column":19},"end":{"line":68,"column":8}},"36":{"start":{"line":70,"column":6},"end":{"line":72,"column":7}},"37":{"start":{"line":73,"column":6},"end":{"line":73,"column":19}},"38":{"start":{"line":74,"column":6},"end":{"line":74,"column":21}},"39":{"start":{"line":75,"column":6},"end":{"line":75,"column":21}},"40":{"start":{"line":77,"column":6},"end":{"line":77,"column":37}},"41":{"start":{"line":78,"column":6},"end":{"line":80,"column":14}},"42":{"start":{"line":79,"column":8},"end":{"line":79,"column":24}},"43":{"start":{"line":85,"column":17},"end":{"line":88,"column":3}},"44":{"start":{"line":86,"column":4},"end":{"line":86,"column":55}},"45":{"start":{"line":87,"column":4},"end":{"line":87,"column":17}},"46":{"start":{"line":90,"column":2},"end":{"line":127,"column":3}},"47":{"start":{"line":116,"column":12},"end":{"line":121,"column":14}},"48":{"start":{"line":120,"column":32},"end":{"line":120,"column":51}}},"fnMap":{"0":{"name":"(anonymous_0)","decl":{"start":{"line":10,"column":12},"end":{"line":10,"column":13}},"loc":{"start":{"line":10,"column":18},"end":{"line":128,"column":1}},"line":10},"1":{"name":"sortBlogs","decl":{"start":{"line":18,"column":11},"end":{"line":18,"column":20}},"loc":{"start":{"line":18,"column":27},"end":{"line":21,"column":3}},"line":18},"2":{"name":"(anonymous_2)","decl":{"start":{"line":19,"column":38},"end":{"line":19,"column":39}},"loc":{"start":{"line":19,"column":48},"end":{"line":19,"column":65}},"line":19},"3":{"name":"(anonymous_3)","decl":{"start":{"line":23,"column":21},"end":{"line":23,"column":22}},"loc":{"start":{"line":23,"column":33},"end":{"line":26,"column":3}},"line":23},"4":{"name":"(anonymous_4)","decl":{"start":{"line":28,"column":12},"end":{"line":28,"column":13}},"loc":{"start":{"line":28,"column":18},"end":{"line":35,"column":3}},"line":28},"5":{"name":"(anonymous_5)","decl":{"start":{"line":37,"column":12},"end":{"line":37,"column":13}},"loc":{"start":{"line":37,"column":18},"end":{"line":45,"column":3}},"line":37},"6":{"name":"(anonymous_6)","decl":{"start":{"line":42,"column":22},"end":{"line":42,"column":23}},"loc":{"start":{"line":42,"column":38},"end":{"line":44,"column":5}},"line":42},"7":{"name":"(anonymous_7)","decl":{"start":{"line":48,"column":21},"end":{"line":48,"column":22}},"loc":{"start":{"line":48,"column":29},"end":{"line":57,"column":3}},"line":48},"8":{"name":"(anonymous_8)","decl":{"start":{"line":49,"column":28},"end":{"line":49,"column":29}},"loc":{"start":{"line":49,"column":36},"end":{"line":49,"column":50}},"line":49},"9":{"name":"(anonymous_9)","decl":{"start":{"line":55,"column":13},"end":{"line":55,"column":14}},"loc":{"start":{"line":55,"column":22},"end":{"line":55,"column":72}},"line":55},"10":{"name":"(anonymous_10)","decl":{"start":{"line":55,"column":32},"end":{"line":55,"column":33}},"loc":{"start":{"line":55,"column":37},"end":{"line":55,"column":71}},"line":55},"11":{"name":"(anonymous_11)","decl":{"start":{"line":62,"column":22},"end":{"line":62,"column":23}},"loc":{"start":{"line":62,"column":39},"end":{"line":82,"column":3}},"line":62},"12":{"name":"(anonymous_12)","decl":{"start":{"line":78,"column":17},"end":{"line":78,"column":18}},"loc":{"start":{"line":78,"column":23},"end":{"line":80,"column":7}},"line":78},"13":{"name":"(anonymous_13)","decl":{"start":{"line":85,"column":17},"end":{"line":85,"column":18}},"loc":{"start":{"line":85,"column":23},"end":{"line":88,"column":3}},"line":85},"14":{"name":"(anonymous_14)","decl":{"start":{"line":115,"column":21},"end":{"line":115,"column":22}},"loc":{"start":{"line":116,"column":12},"end":{"line":121,"column":14}},"line":116},"15":{"name":"(anonymous_15)","decl":{"start":{"line":120,"column":26},"end":{"line":120,"column":27}},"loc":{"start":{"line":120,"column":32},"end":{"line":120,"column":51}},"line":120}},"branchMap":{"0":{"loc":{"start":{"line":30,"column":4},"end":{"line":34,"column":5}},"type":"if","locations":[{"start":{"line":30,"column":4},"end":{"line":34,"column":5}},{"start":{},"end":{}}],"line":30},"1":{"loc":{"start":{"line":38,"column":4},"end":{"line":40,"column":5}},"type":"if","locations":[{"start":{"line":38,"column":4},"end":{"line":40,"column":5}},{"start":{},"end":{}}],"line":38},"2":{"loc":{"start":{"line":55,"column":37},"end":{"line":55,"column":71}},"type":"cond-expr","locations":[{"start":{"line":55,"column":56},"end":{"line":55,"column":67}},{"start":{"line":55,"column":70},"end":{"line":55,"column":71}}],"line":55},"3":{"loc":{"start":{"line":92,"column":7},"end":{"line":123,"column":14}},"type":"cond-expr","locations":[{"start":{"line":93,"column":8},"end":{"line":102,"column":11}},{"start":{"line":103,"column":10},"end":{"line":123,"column":14}}],"line":92}},"s":{"0":0,"1":0,"2":0,"3":0,"4":0,"5":0,"6":0,"7":0,"8":0,"9":0,"10":0,"11":0,"12":0,"13":0,"14":0,"15":0,"16":0,"17":0,"18":0,"19":0,"20":0,"21":0,"22":0,"23":0,"24":0,"25":0,"26":0,"27":0,"28":0,"29":0,"30":0,"31":0,"32":0,"33":0,"34":0,"35":0,"36":0,"37":0,"38":0,"39":0,"40":0,"41":0,"42":0,"43":0,"44":0,"45":0,"46":0,"47":0,"48":0},"f":{"0":0,"1":0,"2":0,"3":0,"4":0,"5":0,"6":0,"7":0,"8":0,"9":0,"10":0,"11":0,"12":0,"13":0,"14":0,"15":0},"b":{"0":[0,0],"1":[0,0],"2":[0,0],"3":[0,0]}}
,"/home/alan/Documents/react/part5/bloglist-frontend/src/main.jsx": {"path":"/home/alan/Documents/react/part5/bloglist-frontend/src/main.jsx","statementMap":{"0":{"start":{"line":4,"column":0},"end":{"line":4,"column":68}}},"fnMap":{},"branchMap":{},"s":{"0":0},"f":{},"b":{}}
,"/home/alan/Documents/react/part5/bloglist-frontend/src/components/Blog.jsx": {"path":"/home/alan/Documents/react/part5/bloglist-frontend/src/components/Blog.jsx","statementMap":{"0":{"start":{"line":4,"column":13},"end":{"line":32,"column":1}},"1":{"start":{"line":6,"column":32},"end":{"line":6,"column":47}},"2":{"start":{"line":8,"column":20},"end":{"line":14,"column":3}},"3":{"start":{"line":15,"column":2},"end":{"line":31,"column":3}},"4":{"start":{"line":18,"column":29},"end":{"line":18,"column":49}}},"fnMap":{"0":{"name":"(anonymous_0)","decl":{"start":{"line":4,"column":13},"end":{"line":4,"column":14}},"loc":{"start":{"line":4,"column":45},"end":{"line":32,"column":1}},"line":4},"1":{"name":"(anonymous_1)","decl":{"start":{"line":18,"column":23},"end":{"line":18,"column":24}},"loc":{"start":{"line":18,"column":29},"end":{"line":18,"column":49}},"line":18}},"branchMap":{"0":{"loc":{"start":{"line":19,"column":9},"end":{"line":19,"column":34}},"type":"cond-expr","locations":[{"start":{"line":19,"column":19},"end":{"line":19,"column":25}},{"start":{"line":19,"column":28},"end":{"line":19,"column":34}}],"line":19},"1":{"loc":{"start":{"line":21,"column":7},"end":{"line":28,"column":14}},"type":"binary-expr","locations":[{"start":{"line":21,"column":7},"end":{"line":21,"column":14}},{"start":{"line":22,"column":8},"end":{"line":28,"column":14}}],"line":21}},"s":{"0":1,"1":5,"2":5,"3":5,"4":2},"f":{"0":5,"1":2},"b":{"0":[2,3],"1":[5,2]},"_coverageSchema":"1a1c01bbd47fc00a2c39e90264f33305004495a9","hash":"3099ce9c9094bd5eb7d2bf71499198a4cf304197"}
,"/home/alan/Documents/react/part5/bloglist-frontend/src/components/CreateBlog.jsx": {"path":"/home/alan/Documents/react/part5/bloglist-frontend/src/components/CreateBlog.jsx","statementMap":{"0":{"start":{"line":6,"column":30},"end":{"line":6,"column":42}},"1":{"start":{"line":7,"column":32},"end":{"line":7,"column":44}},"2":{"start":{"line":8,"column":26},"end":{"line":8,"column":38}},"3":{"start":{"line":9,"column":34},"end":{"line":9,"column":48}},"4":{"start":{"line":11,"column":29},"end":{"line":34,"column":5}},"5":{"start":{"line":12,"column":8},"end":{"line":12,"column":30}},"6":{"start":{"line":13,"column":27},"end":{"line":17,"column":9}},"7":{"start":{"line":18,"column":8},"end":{"line":33,"column":9}},"8":{"start":{"line":19,"column":25},"end":{"line":19,"column":61}},"9":{"start":{"line":20,"column":12},"end":{"line":20,"column":41}},"10":{"start":{"line":21,"column":12},"end":{"line":21,"column":74}},"11":{"start":{"line":22,"column":12},"end":{"line":24,"column":20}},"12":{"start":{"line":23,"column":16},"end":{"line":23,"column":32}},"13":{"start":{"line":25,"column":12},"end":{"line":25,"column":24}},"14":{"start":{"line":26,"column":12},"end":{"line":26,"column":25}},"15":{"start":{"line":27,"column":12},"end":{"line":27,"column":22}},"16":{"start":{"line":29,"column":12},"end":{"line":29,"column":43}},"17":{"start":{"line":30,"column":12},"end":{"line":32,"column":20}},"18":{"start":{"line":31,"column":16},"end":{"line":31,"column":32}},"19":{"start":{"line":38,"column":4},"end":{"line":74,"column":5}},"20":{"start":{"line":49,"column":50},"end":{"line":49,"column":72}},"21":{"start":{"line":57,"column":50},"end":{"line":57,"column":73}},"22":{"start":{"line":65,"column":50},"end":{"line":65,"column":70}}},"fnMap":{"0":{"name":"CreateBlog","decl":{"start":{"line":5,"column":24},"end":{"line":5,"column":34}},"loc":{"start":{"line":5,"column":70},"end":{"line":75,"column":1}},"line":5},"1":{"name":"(anonymous_1)","decl":{"start":{"line":11,"column":29},"end":{"line":11,"column":30}},"loc":{"start":{"line":11,"column":46},"end":{"line":34,"column":5}},"line":11},"2":{"name":"(anonymous_2)","decl":{"start":{"line":22,"column":23},"end":{"line":22,"column":24}},"loc":{"start":{"line":22,"column":29},"end":{"line":24,"column":13}},"line":22},"3":{"name":"(anonymous_3)","decl":{"start":{"line":30,"column":23},"end":{"line":30,"column":24}},"loc":{"start":{"line":30,"column":29},"end":{"line":32,"column":13}},"line":30},"4":{"name":"(anonymous_4)","decl":{"start":{"line":49,"column":34},"end":{"line":49,"column":35}},"loc":{"start":{"line":49,"column":50},"end":{"line":49,"column":72}},"line":49},"5":{"name":"(anonymous_5)","decl":{"start":{"line":57,"column":34},"end":{"line":57,"column":35}},"loc":{"start":{"line":57,"column":50},"end":{"line":57,"column":73}},"line":57},"6":{"name":"(anonymous_6)","decl":{"start":{"line":65,"column":34},"end":{"line":65,"column":35}},"loc":{"start":{"line":65,"column":50},"end":{"line":65,"column":70}},"line":65}},"branchMap":{},"s":{"0":0,"1":0,"2":0,"3":0,"4":0,"5":0,"6":0,"7":0,"8":0,"9":0,"10":0,"11":0,"12":0,"13":0,"14":0,"15":0,"16":0,"17":0,"18":0,"19":0,"20":0,"21":0,"22":0},"f":{"0":0,"1":0,"2":0,"3":0,"4":0,"5":0,"6":0},"b":{}}
,"/home/alan/Documents/react/part5/bloglist-frontend/src/components/Login.jsx": {"path":"/home/alan/Documents/react/part5/bloglist-frontend/src/components/Login.jsx","statementMap":{"0":{"start":{"line":5,"column":4},"end":{"line":29,"column":5}},"1":{"start":{"line":14,"column":50},"end":{"line":14,"column":75}},"2":{"start":{"line":23,"column":50},"end":{"line":23,"column":75}}},"fnMap":{"0":{"name":"Login","decl":{"start":{"line":4,"column":24},"end":{"line":4,"column":29}},"loc":{"start":{"line":4,"column":93},"end":{"line":30,"column":1}},"line":4},"1":{"name":"(anonymous_1)","decl":{"start":{"line":14,"column":34},"end":{"line":14,"column":35}},"loc":{"start":{"line":14,"column":50},"end":{"line":14,"column":75}},"line":14},"2":{"name":"(anonymous_2)","decl":{"start":{"line":23,"column":34},"end":{"line":23,"column":35}},"loc":{"start":{"line":23,"column":50},"end":{"line":23,"column":75}},"line":23}},"branchMap":{},"s":{"0":0,"1":0,"2":0},"f":{"0":0,"1":0,"2":0},"b":{}}
,"/home/alan/Documents/react/part5/bloglist-frontend/src/components/Notification.jsx": {"path":"/home/alan/Documents/react/part5/bloglist-frontend/src/components/Notification.jsx","statementMap":{"0":{"start":{"line":2,"column":4},"end":{"line":4,"column":5}},"1":{"start":{"line":3,"column":8},"end":{"line":3,"column":19}},"2":{"start":{"line":6,"column":4},"end":{"line":10,"column":5}}},"fnMap":{"0":{"name":"Notification","decl":{"start":{"line":1,"column":24},"end":{"line":1,"column":36}},"loc":{"start":{"line":1,"column":50},"end":{"line":11,"column":1}},"line":1}},"branchMap":{"0":{"loc":{"start":{"line":2,"column":4},"end":{"line":4,"column":5}},"type":"if","locations":[{"start":{"line":2,"column":4},"end":{"line":4,"column":5}},{"start":{},"end":{}}],"line":2}},"s":{"0":0,"1":0,"2":0},"f":{"0":0},"b":{"0":[0,0]}}
,"/home/alan/Documents/react/part5/bloglist-frontend/src/components/Toggable.jsx": {"path":"/home/alan/Documents/react/part5/bloglist-frontend/src/components/Toggable.jsx","statementMap":{"0":{"start":{"line":3,"column":18},"end":{"line":24,"column":1}},"1":{"start":{"line":4,"column":34},"end":{"line":4,"column":49}},"2":{"start":{"line":6,"column":28},"end":{"line":6,"column":62}},"3":{"start":{"line":7,"column":28},"end":{"line":7,"column":62}},"4":{"start":{"line":9,"column":29},"end":{"line":11,"column":5}},"5":{"start":{"line":10,"column":8},"end":{"line":10,"column":28}},"6":{"start":{"line":13,"column":4},"end":{"line":23,"column":5}}},"fnMap":{"0":{"name":"(anonymous_0)","decl":{"start":{"line":3,"column":18},"end":{"line":3,"column":19}},"loc":{"start":{"line":3,"column":29},"end":{"line":24,"column":1}},"line":3},"1":{"name":"(anonymous_1)","decl":{"start":{"line":9,"column":29},"end":{"line":9,"column":30}},"loc":{"start":{"line":9,"column":35},"end":{"line":11,"column":5}},"line":9}},"branchMap":{"0":{"loc":{"start":{"line":6,"column":39},"end":{"line":6,"column":60}},"type":"cond-expr","locations":[{"start":{"line":6,"column":49},"end":{"line":6,"column":55}},{"start":{"line":6,"column":58},"end":{"line":6,"column":60}}],"line":6},"1":{"loc":{"start":{"line":7,"column":39},"end":{"line":7,"column":60}},"type":"cond-expr","locations":[{"start":{"line":7,"column":49},"end":{"line":7,"column":51}},{"start":{"line":7,"column":54},"end":{"line":7,"column":60}}],"line":7}},"s":{"0":1,"1":4,"2":4,"3":4,"4":4,"5":1,"6":4},"f":{"0":4,"1":1},"b":{"0":[1,3],"1":[1,3]},"_coverageSchema":"1a1c01bbd47fc00a2c39e90264f33305004495a9","hash":"eca27fcef41292c344f18612ec140a0f3ffe372b"}
,"/home/alan/Documents/react/part5/bloglist-frontend/src/services/blogs.js": {"path":"/home/alan/Documents/react/part5/bloglist-frontend/src/services/blogs.js","statementMap":{"0":{"start":{"line":2,"column":16},"end":{"line":2,"column":28}},"1":{"start":{"line":5,"column":12},"end":{"line":5,"column":16}},"2":{"start":{"line":7,"column":17},"end":{"line":9,"column":1}},"3":{"start":{"line":8,"column":2},"end":{"line":8,"column":30}},"4":{"start":{"line":11,"column":15},"end":{"line":14,"column":1}},"5":{"start":{"line":12,"column":18},"end":{"line":12,"column":75}},"6":{"start":{"line":13,"column":2},"end":{"line":13,"column":48}},"7":{"start":{"line":13,"column":34},"end":{"line":13,"column":47}},"8":{"start":{"line":16,"column":15},"end":{"line":23,"column":1}},"9":{"start":{"line":17,"column":17},"end":{"line":19,"column":3}},"10":{"start":{"line":21,"column":19},"end":{"line":21,"column":63}},"11":{"start":{"line":22,"column":2},"end":{"line":22,"column":22}},"12":{"start":{"line":25,"column":15},"end":{"line":29,"column":1}},"13":{"start":{"line":27,"column":19},"end":{"line":27,"column":104}},"14":{"start":{"line":28,"column":2},"end":{"line":28,"column":22}}},"fnMap":{"0":{"name":"(anonymous_0)","decl":{"start":{"line":7,"column":17},"end":{"line":7,"column":18}},"loc":{"start":{"line":7,"column":29},"end":{"line":9,"column":1}},"line":7},"1":{"name":"(anonymous_1)","decl":{"start":{"line":11,"column":15},"end":{"line":11,"column":16}},"loc":{"start":{"line":11,"column":21},"end":{"line":14,"column":1}},"line":11},"2":{"name":"(anonymous_2)","decl":{"start":{"line":13,"column":22},"end":{"line":13,"column":23}},"loc":{"start":{"line":13,"column":34},"end":{"line":13,"column":47}},"line":13},"3":{"name":"(anonymous_3)","decl":{"start":{"line":16,"column":15},"end":{"line":16,"column":16}},"loc":{"start":{"line":16,"column":34},"end":{"line":23,"column":1}},"line":16},"4":{"name":"(anonymous_4)","decl":{"start":{"line":25,"column":15},"end":{"line":25,"column":16}},"loc":{"start":{"line":25,"column":40},"end":{"line":29,"column":1}},"line":25}},"branchMap":{},"s":{"0":0,"1":0,"2":0,"3":0,"4":0,"5":0,"6":0,"7":0,"8":0,"9":0,"10":0,"11":0,"12":0,"13":0,"14":0},"f":{"0":0,"1":0,"2":0,"3":0,"4":0},"b":{}}
,"/home/alan/Documents/react/part5/bloglist-frontend/src/services/login.js": {"path":"/home/alan/Documents/react/part5/bloglist-frontend/src/services/login.js","statementMap":{"0":{"start":{"line":2,"column":16},"end":{"line":2,"column":28}},"1":{"start":{"line":4,"column":14},"end":{"line":7,"column":1}},"2":{"start":{"line":5,"column":21},"end":{"line":5,"column":59}},"3":{"start":{"line":6,"column":4},"end":{"line":6,"column":24}}},"fnMap":{"0":{"name":"(anonymous_0)","decl":{"start":{"line":4,"column":14},"end":{"line":4,"column":15}},"loc":{"start":{"line":4,"column":35},"end":{"line":7,"column":1}},"line":4}},"branchMap":{},"s":{"0":0,"1":0,"2":0,"3":0},"f":{"0":0},"b":{}}
}
